  BSPMap.cpp
C:\Users\theto\Documents\GitHub\aegis\c++\Aegis\Aegis\BSPMap.h(3,10): warning C4067: unexpected tokens following preprocessor directive - expected a newline
  (compiling source file 'BSPMap.cpp')
  
C:\Users\theto\Documents\GitHub\aegis\c++\Aegis\Aegis\BSPMap.h(10,1): warning C4103: alignment changed after including header, may be due to missing #pragma pack(pop)
  (compiling source file 'BSPMap.cpp')
  
C:\Users\theto\Documents\GitHub\aegis\c++\Aegis\Aegis\BSPMap.cpp(1,1): warning C4103: alignment changed after including header, may be due to missing #pragma pack(pop)
C:\Users\theto\Documents\GitHub\aegis\c++\Aegis\Aegis\Window.h(7,10): warning C4067: unexpected tokens following preprocessor directive - expected a newline
  (compiling source file 'BSPMap.cpp')
  
C:\Users\theto\Documents\GitHub\aegis\c++\Aegis\Aegis\BSPMap.cpp(51,18): warning C4305: 'initializing': truncation from 'double' to 'float'
C:\Users\theto\Documents\GitHub\aegis\c++\Aegis\Aegis\BSPMap.cpp(51,29): warning C4305: 'initializing': truncation from 'double' to 'float'
C:\Users\theto\Documents\GitHub\aegis\c++\Aegis\Aegis\BSPMap.cpp(52,18): warning C4305: 'initializing': truncation from 'double' to 'float'
C:\Users\theto\Documents\GitHub\aegis\c++\Aegis\Aegis\BSPMap.cpp(52,29): warning C4305: 'initializing': truncation from 'double' to 'float'
C:\Users\theto\Documents\GitHub\aegis\c++\Aegis\Aegis\BSPMap.cpp(57,36): warning C4018: '<': signed/unsigned mismatch
C:\Users\theto\Documents\GitHub\aegis\c++\Aegis\Aegis\BSPMap.cpp(160,20): warning C4018: '<': signed/unsigned mismatch
C:\Users\theto\Documents\GitHub\aegis\c++\Aegis\Aegis\BSPMap.cpp(299,13): warning C4244: '=': conversion from 'int' to 'float', possible loss of data
C:\Users\theto\Documents\GitHub\aegis\c++\Aegis\Aegis\BSPMap.cpp(300,13): warning C4244: '=': conversion from 'int' to 'float', possible loss of data
C:\Users\theto\Documents\GitHub\aegis\c++\Aegis\Aegis\BSPMap.cpp(301,13): warning C4244: '=': conversion from 'int' to 'float', possible loss of data
C:\Users\theto\Documents\GitHub\aegis\c++\Aegis\Aegis\BSPMap.cpp(311,13): warning C4244: '=': conversion from 'int' to 'float', possible loss of data
C:\Users\theto\Documents\GitHub\aegis\c++\Aegis\Aegis\BSPMap.cpp(312,13): warning C4244: '=': conversion from 'int' to 'float', possible loss of data
C:\Users\theto\Documents\GitHub\aegis\c++\Aegis\Aegis\BSPMap.cpp(313,13): warning C4244: '=': conversion from 'int' to 'float', possible loss of data
C:\Users\theto\Documents\GitHub\aegis\c++\Aegis\Aegis\BSPMap.cpp(324,30): warning C4244: 'argument': conversion from 'int' to 'float', possible loss of data
C:\Users\theto\Documents\GitHub\aegis\c++\Aegis\Aegis\BSPMap.cpp(328,36): warning C4267: 'argument': conversion from 'size_t' to 'int', possible loss of data
C:\Users\theto\Documents\GitHub\aegis\c++\Aegis\Aegis\BSPMap.cpp(348,13): warning C4244: '=': conversion from 'int' to 'float', possible loss of data
C:\Users\theto\Documents\GitHub\aegis\c++\Aegis\Aegis\BSPMap.cpp(349,13): warning C4244: '=': conversion from 'int' to 'float', possible loss of data
C:\Users\theto\Documents\GitHub\aegis\c++\Aegis\Aegis\BSPMap.cpp(350,13): warning C4244: '=': conversion from 'int' to 'float', possible loss of data
C:\Users\theto\Documents\GitHub\aegis\c++\Aegis\Aegis\BSPMap.cpp(360,13): warning C4244: '=': conversion from 'int' to 'float', possible loss of data
C:\Users\theto\Documents\GitHub\aegis\c++\Aegis\Aegis\BSPMap.cpp(361,13): warning C4244: '=': conversion from 'int' to 'float', possible loss of data
C:\Users\theto\Documents\GitHub\aegis\c++\Aegis\Aegis\BSPMap.cpp(362,13): warning C4244: '=': conversion from 'int' to 'float', possible loss of data
C:\Users\theto\Documents\GitHub\aegis\c++\Aegis\Aegis\BSPMap.cpp(375,36): warning C4267: 'argument': conversion from 'size_t' to 'int', possible loss of data
C:\Users\theto\Documents\GitHub\aegis\c++\Aegis\Aegis\BSPMap.cpp(395,13): warning C4244: '=': conversion from 'int' to 'float', possible loss of data
C:\Users\theto\Documents\GitHub\aegis\c++\Aegis\Aegis\BSPMap.cpp(396,13): warning C4244: '=': conversion from 'int' to 'float', possible loss of data
C:\Users\theto\Documents\GitHub\aegis\c++\Aegis\Aegis\BSPMap.cpp(397,13): warning C4244: '=': conversion from 'int' to 'float', possible loss of data
C:\Users\theto\Documents\GitHub\aegis\c++\Aegis\Aegis\BSPMap.cpp(407,13): warning C4244: '=': conversion from 'int' to 'float', possible loss of data
C:\Users\theto\Documents\GitHub\aegis\c++\Aegis\Aegis\BSPMap.cpp(408,13): warning C4244: '=': conversion from 'int' to 'float', possible loss of data
C:\Users\theto\Documents\GitHub\aegis\c++\Aegis\Aegis\BSPMap.cpp(409,13): warning C4244: '=': conversion from 'int' to 'float', possible loss of data
C:\Users\theto\Documents\GitHub\aegis\c++\Aegis\Aegis\BSPMap.cpp(422,36): warning C4267: 'argument': conversion from 'size_t' to 'int', possible loss of data
C:\Users\theto\Documents\GitHub\aegis\c++\Aegis\Aegis\BSPMap.cpp(439,13): warning C4244: '=': conversion from 'int' to 'float', possible loss of data
C:\Users\theto\Documents\GitHub\aegis\c++\Aegis\Aegis\BSPMap.cpp(440,13): warning C4244: '=': conversion from 'int' to 'float', possible loss of data
C:\Users\theto\Documents\GitHub\aegis\c++\Aegis\Aegis\BSPMap.cpp(441,13): warning C4244: '=': conversion from 'int' to 'float', possible loss of data
C:\Users\theto\Documents\GitHub\aegis\c++\Aegis\Aegis\BSPMap.cpp(470,13): warning C4244: '=': conversion from 'int' to 'float', possible loss of data
C:\Users\theto\Documents\GitHub\aegis\c++\Aegis\Aegis\BSPMap.cpp(471,13): warning C4244: '=': conversion from 'int' to 'float', possible loss of data
C:\Users\theto\Documents\GitHub\aegis\c++\Aegis\Aegis\BSPMap.cpp(472,13): warning C4244: '=': conversion from 'int' to 'float', possible loss of data
C:\Users\theto\Documents\GitHub\aegis\c++\Aegis\Aegis\BSPMap.cpp(483,48): warning C4244: 'argument': conversion from 'int' to 'float', possible loss of data
C:\Users\theto\Documents\GitHub\aegis\c++\Aegis\Aegis\BSPMap.cpp(490,36): warning C4267: 'argument': conversion from 'size_t' to 'int', possible loss of data
C:\Users\theto\Documents\GitHub\aegis\c++\Aegis\Aegis\BSPMap.cpp(507,13): warning C4244: '=': conversion from 'int' to 'float', possible loss of data
C:\Users\theto\Documents\GitHub\aegis\c++\Aegis\Aegis\BSPMap.cpp(508,13): warning C4244: '=': conversion from 'int' to 'float', possible loss of data
C:\Users\theto\Documents\GitHub\aegis\c++\Aegis\Aegis\BSPMap.cpp(509,13): warning C4244: '=': conversion from 'int' to 'float', possible loss of data
C:\Users\theto\Documents\GitHub\aegis\c++\Aegis\Aegis\BSPMap.cpp(518,36): warning C4267: 'argument': conversion from 'size_t' to 'int', possible loss of data
C:\Users\theto\Documents\GitHub\aegis\c++\Aegis\Aegis\BSPMap.cpp(535,13): warning C4244: '=': conversion from 'int' to 'float', possible loss of data
C:\Users\theto\Documents\GitHub\aegis\c++\Aegis\Aegis\BSPMap.cpp(536,13): warning C4244: '=': conversion from 'int' to 'float', possible loss of data
C:\Users\theto\Documents\GitHub\aegis\c++\Aegis\Aegis\BSPMap.cpp(537,13): warning C4244: '=': conversion from 'int' to 'float', possible loss of data
C:\Users\theto\Documents\GitHub\aegis\c++\Aegis\Aegis\BSPMap.cpp(546,36): warning C4267: 'argument': conversion from 'size_t' to 'int', possible loss of data
C:\Users\theto\Documents\GitHub\aegis\c++\Aegis\Aegis\BSPMap.cpp(566,13): warning C4244: '=': conversion from 'int' to 'float', possible loss of data
C:\Users\theto\Documents\GitHub\aegis\c++\Aegis\Aegis\BSPMap.cpp(567,13): warning C4244: '=': conversion from 'int' to 'float', possible loss of data
C:\Users\theto\Documents\GitHub\aegis\c++\Aegis\Aegis\BSPMap.cpp(568,13): warning C4244: '=': conversion from 'int' to 'float', possible loss of data
C:\Users\theto\Documents\GitHub\aegis\c++\Aegis\Aegis\BSPMap.cpp(578,23): warning C4244: '=': conversion from 'double' to 'float', possible loss of data
C:\Users\theto\Documents\GitHub\aegis\c++\Aegis\Aegis\BSPMap.cpp(579,23): warning C4244: '=': conversion from 'double' to 'float', possible loss of data
C:\Users\theto\Documents\GitHub\aegis\c++\Aegis\Aegis\BSPMap.cpp(580,23): warning C4244: '=': conversion from 'double' to 'float', possible loss of data
C:\Users\theto\Documents\GitHub\aegis\c++\Aegis\Aegis\BSPMap.cpp(585,63): warning C4244: '=': conversion from 'double' to 'float', possible loss of data
C:\Users\theto\Documents\GitHub\aegis\c++\Aegis\Aegis\BSPMap.cpp(588,68): warning C4244: '=': conversion from 'double' to 'float', possible loss of data
C:\Users\theto\Documents\GitHub\aegis\c++\Aegis\Aegis\BSPMap.cpp(591,54): warning C4244: '=': conversion from 'double' to 'float', possible loss of data
C:\Users\theto\Documents\GitHub\aegis\c++\Aegis\Aegis\BSPMap.cpp(601,36): warning C4267: 'argument': conversion from 'size_t' to 'int', possible loss of data
C:\Users\theto\Documents\GitHub\aegis\c++\Aegis\Aegis\BSPMap.cpp(614,14): warning C4244: 'initializing': conversion from '__int64' to 'int', possible loss of data
C:\Users\theto\Documents\GitHub\aegis\c++\Aegis\Aegis\BSPMap.cpp(641,13): warning C4267: 'initializing': conversion from 'size_t' to 'int', possible loss of data
C:\Users\theto\Documents\GitHub\aegis\c++\Aegis\Aegis\BSPMap.cpp(712,36): warning C4018: '<': signed/unsigned mismatch
C:\Users\theto\Documents\GitHub\aegis\c++\Aegis\Aegis\BSPMap.cpp(750,16): warning C4267: 'initializing': conversion from 'size_t' to 'int', possible loss of data
C:\Users\theto\Documents\GitHub\aegis\c++\Aegis\Aegis\BSPMap.cpp(751,13): warning C4244: 'initializing': conversion from 'double' to 'int', possible loss of data
C:\Users\theto\Documents\GitHub\aegis\c++\Aegis\Aegis\BSPMap.cpp(752,20): warning C4244: 'initializing': conversion from 'double' to 'float', possible loss of data
C:\Users\theto\Documents\GitHub\aegis\c++\Aegis\Aegis\BSPMap.cpp(762,36): warning C4018: '<': signed/unsigned mismatch
C:\Users\theto\Documents\GitHub\aegis\c++\Aegis\Aegis\BSPMap.cpp(790,35): warning C4018: '<': signed/unsigned mismatch
C:\Users\theto\Documents\GitHub\aegis\c++\Aegis\Aegis\BSPMap.cpp(859,17): warning C4244: 'initializing': conversion from 'double' to 'float', possible loss of data
C:\Users\theto\Documents\GitHub\aegis\c++\Aegis\Aegis\BSPMap.cpp(860,17): warning C4244: 'initializing': conversion from 'double' to 'float', possible loss of data
C:\Users\theto\Documents\GitHub\aegis\c++\Aegis\Aegis\BSPMap.cpp(861,16): warning C4244: 'initializing': conversion from 'double' to 'float', possible loss of data
C:\Users\theto\Documents\GitHub\aegis\c++\Aegis\Aegis\BSPMap.cpp(862,16): warning C4244: 'initializing': conversion from 'double' to 'float', possible loss of data
C:\Users\theto\Documents\GitHub\aegis\c++\Aegis\Aegis\BSPMap.cpp(925,30): warning C4244: '=': conversion from 'double' to 'float', possible loss of data
C:\Users\theto\Documents\GitHub\aegis\c++\Aegis\Aegis\BSPMap.cpp(927,30): warning C4244: '=': conversion from 'double' to 'float', possible loss of data
C:\Users\theto\Documents\GitHub\aegis\c++\Aegis\Aegis\BSPMap.cpp(973,37): warning C4018: '<': signed/unsigned mismatch
C:\Users\theto\Documents\GitHub\aegis\c++\Aegis\Aegis\BSPMap.cpp(1004,19): warning C4267: 'initializing': conversion from 'size_t' to 'int', possible loss of data
C:\Users\theto\Documents\GitHub\aegis\c++\Aegis\Aegis\BSPMap.cpp(1005,16): warning C4244: 'initializing': conversion from 'double' to 'int', possible loss of data
C:\Users\theto\Documents\GitHub\aegis\c++\Aegis\Aegis\BSPMap.cpp(1006,23): warning C4244: 'initializing': conversion from 'double' to 'float', possible loss of data
C:\Users\theto\Documents\GitHub\aegis\c++\Aegis\Aegis\BSPMap.cpp(1081,37): warning C4018: '<': signed/unsigned mismatch
LINK : warning C4742: 'class AssetManager `static class AssetManager & __ptr64 __cdecl AssetManager::getInst(void)'::`2'::instance' has different alignment in 'c:\users\theto\documents\github\aegis\c++\aegis\aegis\font.cpp' and 'c:\users\theto\documents\github\aegis\c++\aegis\aegis\bspmap.cpp': 8 and 1
LINK : warning C4743: 'class AssetManager `static class AssetManager & __ptr64 __cdecl AssetManager::getInst(void)'::`2'::instance' has different size in 'c:\users\theto\documents\github\aegis\c++\aegis\aegis\font.cpp' and 'c:\users\theto\documents\github\aegis\c++\aegis\aegis\bspmap.cpp': 56 and 52 bytes
LINK : warning C4742: 'class AssetManager `static class AssetManager & __ptr64 __cdecl AssetManager::getInst(void)'::`2'::instance' has different alignment in 'c:\users\theto\documents\github\aegis\c++\aegis\aegis\targa.cpp' and 'c:\users\theto\documents\github\aegis\c++\aegis\aegis\bspmap.cpp': 8 and 1
LINK : warning C4743: 'class AssetManager `static class AssetManager & __ptr64 __cdecl AssetManager::getInst(void)'::`2'::instance' has different size in 'c:\users\theto\documents\github\aegis\c++\aegis\aegis\targa.cpp' and 'c:\users\theto\documents\github\aegis\c++\aegis\aegis\bspmap.cpp': 56 and 52 bytes
LINK : warning C4742: 'class AssetManager `static class AssetManager & __ptr64 __cdecl AssetManager::getInst(void)'::`2'::instance' has different alignment in 'c:\users\theto\documents\github\aegis\c++\aegis\aegis\wad.cpp' and 'c:\users\theto\documents\github\aegis\c++\aegis\aegis\bspmap.cpp': 8 and 1
LINK : warning C4743: 'class AssetManager `static class AssetManager & __ptr64 __cdecl AssetManager::getInst(void)'::`2'::instance' has different size in 'c:\users\theto\documents\github\aegis\c++\aegis\aegis\wad.cpp' and 'c:\users\theto\documents\github\aegis\c++\aegis\aegis\bspmap.cpp': 56 and 52 bytes
LINK : warning LNK4098: defaultlib 'LIBCMT' conflicts with use of other libs; use /NODEFAULTLIB:library
  Generating code
  1 of 2984 functions (<0.1%) were compiled, the rest were copied from previous compilation.
    0 functions were new in current compilation
    9 functions had inline decision re-evaluated but remain unchanged
  Finished generating code
glew32s.lib(glew.obj) : warning LNK4099: PDB '' was not found with 'glew32s.lib(glew.obj)' or at ''; linking object as if no debug info
  Aegis.vcxproj -> C:\Users\theto\Documents\GitHub\aegis\c++\Aegis\x64\Release\Aegis.exe
