10
22
1
1
1
1
1
1
1
1
1
1
4 0 6 (0.000000 448.000000 70.000000) (0.000000 448.000000 0.000000) (0.000000 120.000000 0.000000) (0.000000 120.000000 70.000000) 
4 0 5 (0.000000 120.000000 896.000000) (0.000000 448.000000 896.000000) (0.000000 448.000000 70.000000) (0.000000 120.000000 70.000000) 
4 0 4 (0.000000 448.000000 896.000000) (0.000000 512.000000 896.000000) (0.000000 512.000000 0.000000) (0.000000 448.000000 0.000000) 
4 0 2 (24.000000 120.000000 0.000000) (512.000000 120.000000 0.000000) (512.000000 120.000000 68.000000) (24.000000 120.000000 68.000000) 
4 0 1 (0.000000 120.000000 896.000000) (0.000000 120.000000 68.000000) (512.000000 120.000000 68.000000) (512.000000 120.000000 896.000000) 
4 1 6 (0.000000 120.000000 70.000000) (0.000000 120.000000 68.000000) (0.000000 -512.000000 68.000000) (0.000000 -512.000000 70.000000) 
4 1 5 (0.000000 -512.000000 896.000000) (0.000000 120.000000 896.000000) (0.000000 120.000000 70.000000) (0.000000 -512.000000 70.000000) 
4 1 3 (0.000000 -512.000000 68.000000) (0.000000 96.000000 68.000000) (24.000000 96.000000 68.000000) (24.000000 -512.000000 68.000000) 
4 1 2 (24.000000 120.000000 68.000000) (512.000000 120.000000 68.000000) (512.000000 -512.000000 68.000000) (24.000000 -512.000000 68.000000) 
4 2 3 (24.000000 96.000000 0.000000) (24.000000 -512.000000 0.000000) (24.000000 -512.000000 68.000000) (24.000000 96.000000 68.000000) 
4 3 6 (0.000000 96.000000 0.000000) (0.000000 -512.000000 0.000000) (0.000000 -512.000000 68.000000) (0.000000 96.000000 68.000000) 
4 4 7 (-384.000000 448.000000 0.000000) (-208.000000 448.000000 0.000000) (-208.000000 448.000000 70.000000) (-384.000000 448.000000 70.000000) 
4 4 6 (-192.000000 448.000000 0.000000) (0.000000 448.000000 0.000000) (0.000000 448.000000 70.000000) (-192.000000 448.000000 70.000000) 
4 4 9 (-512.000000 448.000000 0.000000) (-384.000000 448.000000 0.000000) (-384.000000 448.000000 70.000000) (-512.000000 448.000000 70.000000) 
4 4 5 (0.000000 448.000000 70.000000) (0.000000 448.000000 896.000000) (-512.000000 448.000000 896.000000) (-512.000000 448.000000 70.000000) 
4 5 8 (-192.000000 320.000000 70.000000) (-192.000000 -512.000000 70.000000) (-384.000000 -512.000000 70.000000) (-384.000000 320.000000 70.000000) 
4 5 7 (-384.000000 448.000000 70.000000) (-208.000000 448.000000 70.000000) (-208.000000 336.000000 70.000000) (-384.000000 336.000000 70.000000) 
4 5 6 (-192.000000 448.000000 70.000000) (0.000000 448.000000 70.000000) (0.000000 -512.000000 70.000000) (-192.000000 -512.000000 70.000000) 
4 5 9 (-512.000000 -512.000000 70.000000) (-512.000000 448.000000 70.000000) (-384.000000 448.000000 70.000000) (-384.000000 -512.000000 70.000000) 
4 6 8 (-192.000000 320.000000 0.000000) (-192.000000 -512.000000 0.000000) (-192.000000 -512.000000 70.000000) (-192.000000 320.000000 70.000000) 
4 7 9 (-384.000000 448.000000 70.000000) (-384.000000 448.000000 0.000000) (-384.000000 336.000000 0.000000) (-384.000000 336.000000 70.000000) 
4 8 9 (-384.000000 320.000000 0.000000) (-384.000000 -512.000000 0.000000) (-384.000000 -512.000000 70.000000) (-384.000000 320.000000 70.000000) 
