  LaserEntity.cpp
C:\Users\theto\Documents\Github\aegis\c++\Aegis\Aegis\defs.h(485,12): warning C4200: nonstandard extension used: zero-sized array in struct/union
  (compiling source file 'LaserEntity.cpp')
  C:\Users\theto\Documents\Github\aegis\c++\Aegis\Aegis\defs.h(485,12):
  This member will be ignored by a defaulted constructor or copy/move assignment operator
  
C:\Users\theto\Documents\Github\aegis\c++\Aegis\Aegis\BSPMap.h(3,10): warning C4067: unexpected tokens following preprocessor directive - expected a newline
  (compiling source file 'LaserEntity.cpp')
  
C:\Users\theto\Documents\Github\aegis\c++\Aegis\Aegis\BSPMap.h(9,1): warning C4103: alignment changed after including header, may be due to missing #pragma pack(pop)
  (compiling source file 'LaserEntity.cpp')
  
C:\Users\theto\Documents\Github\aegis\c++\Aegis\Aegis\BaseEntity.h(4,1): warning C4103: alignment changed after including header, may be due to missing #pragma pack(pop)
  (compiling source file 'LaserEntity.cpp')
  
C:\Users\theto\Documents\Github\aegis\c++\Aegis\Aegis\SpriteEntity.h(5,1): warning C4103: alignment changed after including header, may be due to missing #pragma pack(pop)
  (compiling source file 'LaserEntity.cpp')
  
C:\Users\theto\Documents\Github\aegis\c++\Aegis\Aegis\LaserEntity.h(3,1): warning C4103: alignment changed after including header, may be due to missing #pragma pack(pop)
  (compiling source file 'LaserEntity.cpp')
  
C:\Users\theto\Documents\Github\aegis\c++\Aegis\Aegis\LaserEntity.cpp(1,1): warning C4103: alignment changed after including header, may be due to missing #pragma pack(pop)
C:\Users\theto\Documents\Github\aegis\c++\Aegis\Aegis\LaserEntity.cpp(40,12): warning C4244: 'initializing': conversion from 'double' to 'float', possible loss of data
C:\Users\theto\Documents\Github\aegis\c++\Aegis\Aegis\LaserEntity.cpp(53,12): warning C4244: '=': conversion from 'double' to 'float', possible loss of data
C:\Users\theto\Documents\Github\aegis\c++\Aegis\Aegis\LaserEntity.cpp(58,13): warning C4244: '=': conversion from 'double' to 'float', possible loss of data
C:\Users\theto\Documents\Github\aegis\c++\Aegis\Aegis\LaserEntity.cpp(60,29): warning C4244: '=': conversion from 'double' to 'float', possible loss of data
C:\Users\theto\Documents\Github\aegis\c++\Aegis\Aegis\LaserEntity.cpp(71,77): warning C4305: 'argument': truncation from 'double' to 'float'
C:\Users\theto\Documents\Github\aegis\c++\Aegis\Aegis\LaserEntity.cpp(72,77): warning C4305: 'argument': truncation from 'double' to 'float'
C:\Users\theto\Documents\Github\aegis\c++\Aegis\Aegis\LaserEntity.cpp(85,26): warning C4244: 'argument': conversion from 'int' to 'const float', possible loss of data
C:\Users\theto\Documents\Github\aegis\c++\Aegis\Aegis\LaserEntity.cpp(86,29): warning C4244: 'argument': conversion from 'int' to 'const float', possible loss of data
C:\Users\theto\Documents\Github\aegis\c++\Aegis\Aegis\LaserEntity.cpp(93,51): warning C4305: 'argument': truncation from 'double' to 'const float'
C:\Users\theto\Documents\Github\aegis\c++\Aegis\Aegis\LaserEntity.cpp(93,95): warning C4305: 'argument': truncation from 'double' to 'const float'
C:\Users\theto\Documents\Github\aegis\c++\Aegis\Aegis\LaserEntity.cpp(94,55): warning C4305: 'argument': truncation from 'double' to 'const float'
C:\Users\theto\Documents\Github\aegis\c++\Aegis\Aegis\LaserEntity.cpp(94,102): warning C4305: 'argument': truncation from 'double' to 'const float'
C:\Users\theto\Documents\Github\aegis\c++\Aegis\Aegis\LaserEntity.cpp(96,51): warning C4305: 'argument': truncation from 'double' to 'const float'
C:\Users\theto\Documents\Github\aegis\c++\Aegis\Aegis\LaserEntity.cpp(96,95): warning C4305: 'argument': truncation from 'double' to 'const float'
C:\Users\theto\Documents\Github\aegis\c++\Aegis\Aegis\LaserEntity.cpp(97,55): warning C4305: 'argument': truncation from 'double' to 'const float'
C:\Users\theto\Documents\Github\aegis\c++\Aegis\Aegis\LaserEntity.cpp(97,102): warning C4305: 'argument': truncation from 'double' to 'const float'
  Aegis.vcxproj -> C:\Users\theto\Documents\Github\aegis\c++\Aegis\x64\Debug\Aegis.exe
  'pwsh.exe' is not recognized as an internal or external command,
  operable program or batch file.
