c:\users\theto\documents\github\aegis\c++\aegis\aegis\x64\debug\vc143.pdb
c:\users\theto\documents\github\aegis\c++\aegis\aegis\x64\debug\vc143.idb
c:\users\theto\documents\github\aegis\c++\aegis\aegis\x64\debug\mat3x4.obj
c:\users\theto\documents\github\aegis\c++\aegis\aegis\x64\debug\loadtexture.obj
c:\users\theto\documents\github\aegis\c++\aegis\aegis\x64\debug\light.obj
c:\users\theto\documents\github\aegis\c++\aegis\aegis\x64\debug\guiwindow.obj
c:\users\theto\documents\github\aegis\c++\aegis\aegis\x64\debug\gui.obj
c:\users\theto\documents\github\aegis\c++\aegis\aegis\x64\debug\game.obj
c:\users\theto\documents\github\aegis\c++\aegis\aegis\x64\debug\font.obj
c:\users\theto\documents\github\aegis\c++\aegis\aegis\x64\debug\collision.obj
c:\users\theto\documents\github\aegis\c++\aegis\aegis\x64\debug\camera.obj
c:\users\theto\documents\github\aegis\c++\aegis\aegis\x64\debug\bspmap.obj
c:\users\theto\documents\github\aegis\c++\aegis\aegis\x64\debug\binaryloader.obj
c:\users\theto\documents\github\aegis\c++\aegis\aegis\x64\debug\beamfx.obj
c:\users\theto\documents\github\aegis\c++\aegis\aegis\x64\debug\audiomanager.obj
c:\users\theto\documents\github\aegis\c++\aegis\aegis\x64\debug\assetmanager.obj
c:\users\theto\documents\github\aegis\c++\aegis\aegis\x64\debug\aegis.obj
c:\users\theto\documents\github\aegis\c++\aegis\aegis\x64\debug\waveform.obj
c:\users\theto\documents\github\aegis\c++\aegis\aegis\x64\debug\wad.obj
c:\users\theto\documents\github\aegis\c++\aegis\aegis\x64\debug\vector3.obj
c:\users\theto\documents\github\aegis\c++\aegis\aegis\x64\debug\truetypefont.obj
c:\users\theto\documents\github\aegis\c++\aegis\aegis\x64\debug\textpanel.obj
c:\users\theto\documents\github\aegis\c++\aegis\aegis\x64\debug\targa.obj
c:\users\theto\documents\github\aegis\c++\aegis\aegis\x64\debug\skybox.obj
c:\users\theto\documents\github\aegis\c++\aegis\aegis\x64\debug\smodel.obj
c:\users\theto\documents\github\aegis\c++\aegis\aegis\x64\debug\renderer.obj
c:\users\theto\documents\github\aegis\c++\aegis\aegis\x64\debug\quaternion.obj
c:\users\theto\documents\github\aegis\c++\aegis\aegis\x64\debug\print.obj
c:\users\theto\documents\github\aegis\c++\aegis\aegis\x64\debug\opengl.obj
c:\users\theto\documents\github\aegis\c++\aegis\aegis\x64\debug\mstudioload.obj
c:\users\theto\documents\github\aegis\c++\aegis\aegis\x64\debug\mpeg3.obj
c:\users\theto\documents\github\aegis\c++\aegis\aegis\x64\debug\mathutils.obj
c:\users\theto\documents\github\aegis\c++\aegis\aegis\x64\debug\window.obj
c:\users\theto\documents\github\aegis\c++\aegis\aegis\x64\debug\monsterentity.obj
c:\users\theto\documents\github\aegis\c++\aegis\aegis\x64\debug\monsterbarney.obj
c:\users\theto\documents\github\aegis\c++\aegis\aegis\x64\debug\laserentity.obj
c:\users\theto\documents\github\aegis\c++\aegis\aegis\x64\debug\illusionaryentity.obj
c:\users\theto\documents\github\aegis\c++\aegis\aegis\x64\debug\decalentity.obj
c:\users\theto\documents\github\aegis\c++\aegis\aegis\x64\debug\bspmodelentity.obj
c:\users\theto\documents\github\aegis\c++\aegis\aegis\x64\debug\baseentity.obj
c:\users\theto\documents\github\aegis\c++\aegis\aegis\x64\debug\wallentity.obj
c:\users\theto\documents\github\aegis\c++\aegis\aegis\x64\debug\spriteentity.obj
c:\users\theto\documents\github\aegis\c++\aegis\aegis\x64\debug\rotatingentity.obj
c:\users\theto\documents\github\aegis\c++\aegis\x64\debug\aegis.exe
c:\users\theto\documents\github\aegis\c++\aegis\x64\debug\aegis.pdb
c:\users\theto\documents\github\aegis\c++\aegis\aegis\x64\debug\aegis.ilk
c:\users\theto\documents\github\aegis\c++\aegis\aegis\x64\debug\aegis.nativecodeanalysis.xml
c:\users\theto\documents\github\aegis\c++\aegis\aegis\x64\debug\assetmanager.nativecodeanalysis.xml
c:\users\theto\documents\github\aegis\c++\aegis\aegis\x64\debug\audiomanager.nativecodeanalysis.xml
c:\users\theto\documents\github\aegis\c++\aegis\aegis\x64\debug\baseentity.nativecodeanalysis.xml
c:\users\theto\documents\github\aegis\c++\aegis\aegis\x64\debug\beamfx.nativecodeanalysis.xml
c:\users\theto\documents\github\aegis\c++\aegis\aegis\x64\debug\binaryloader.nativecodeanalysis.xml
c:\users\theto\documents\github\aegis\c++\aegis\aegis\x64\debug\bspmap.nativecodeanalysis.xml
c:\users\theto\documents\github\aegis\c++\aegis\aegis\x64\debug\bspmodelentity.nativecodeanalysis.xml
c:\users\theto\documents\github\aegis\c++\aegis\aegis\x64\debug\camera.nativecodeanalysis.xml
c:\users\theto\documents\github\aegis\c++\aegis\aegis\x64\debug\collision.nativecodeanalysis.xml
c:\users\theto\documents\github\aegis\c++\aegis\aegis\x64\debug\decalentity.nativecodeanalysis.xml
c:\users\theto\documents\github\aegis\c++\aegis\aegis\x64\debug\font.nativecodeanalysis.xml
c:\users\theto\documents\github\aegis\c++\aegis\aegis\x64\debug\game.nativecodeanalysis.xml
c:\users\theto\documents\github\aegis\c++\aegis\aegis\x64\debug\gui.nativecodeanalysis.xml
c:\users\theto\documents\github\aegis\c++\aegis\aegis\x64\debug\guiwindow.nativecodeanalysis.xml
c:\users\theto\documents\github\aegis\c++\aegis\aegis\x64\debug\illusionaryentity.nativecodeanalysis.xml
c:\users\theto\documents\github\aegis\c++\aegis\aegis\x64\debug\laserentity.nativecodeanalysis.xml
c:\users\theto\documents\github\aegis\c++\aegis\aegis\x64\debug\light.nativecodeanalysis.xml
c:\users\theto\documents\github\aegis\c++\aegis\aegis\x64\debug\loadtexture.nativecodeanalysis.xml
c:\users\theto\documents\github\aegis\c++\aegis\aegis\x64\debug\mat3x4.nativecodeanalysis.xml
c:\users\theto\documents\github\aegis\c++\aegis\aegis\x64\debug\mathutils.nativecodeanalysis.xml
c:\users\theto\documents\github\aegis\c++\aegis\aegis\x64\debug\monsterbarney.nativecodeanalysis.xml
c:\users\theto\documents\github\aegis\c++\aegis\aegis\x64\debug\monsterentity.nativecodeanalysis.xml
c:\users\theto\documents\github\aegis\c++\aegis\aegis\x64\debug\mpeg3.nativecodeanalysis.xml
c:\users\theto\documents\github\aegis\c++\aegis\aegis\x64\debug\mstudioload.nativecodeanalysis.xml
c:\users\theto\documents\github\aegis\c++\aegis\aegis\x64\debug\opengl.nativecodeanalysis.xml
c:\users\theto\documents\github\aegis\c++\aegis\aegis\x64\debug\print.nativecodeanalysis.xml
c:\users\theto\documents\github\aegis\c++\aegis\aegis\x64\debug\quaternion.nativecodeanalysis.xml
c:\users\theto\documents\github\aegis\c++\aegis\aegis\x64\debug\renderer.nativecodeanalysis.xml
c:\users\theto\documents\github\aegis\c++\aegis\aegis\x64\debug\rotatingentity.nativecodeanalysis.xml
c:\users\theto\documents\github\aegis\c++\aegis\aegis\x64\debug\skybox.nativecodeanalysis.xml
c:\users\theto\documents\github\aegis\c++\aegis\aegis\x64\debug\smodel.nativecodeanalysis.xml
c:\users\theto\documents\github\aegis\c++\aegis\aegis\x64\debug\spriteentity.nativecodeanalysis.xml
c:\users\theto\documents\github\aegis\c++\aegis\aegis\x64\debug\targa.nativecodeanalysis.xml
c:\users\theto\documents\github\aegis\c++\aegis\aegis\x64\debug\textpanel.nativecodeanalysis.xml
c:\users\theto\documents\github\aegis\c++\aegis\aegis\x64\debug\truetypefont.nativecodeanalysis.xml
c:\users\theto\documents\github\aegis\c++\aegis\aegis\x64\debug\vc.nativecodeanalysis.all.xml
c:\users\theto\documents\github\aegis\c++\aegis\aegis\x64\debug\vector3.nativecodeanalysis.xml
c:\users\theto\documents\github\aegis\c++\aegis\aegis\x64\debug\wad.nativecodeanalysis.xml
c:\users\theto\documents\github\aegis\c++\aegis\aegis\x64\debug\wallentity.nativecodeanalysis.xml
c:\users\theto\documents\github\aegis\c++\aegis\aegis\x64\debug\waveform.nativecodeanalysis.xml
c:\users\theto\documents\github\aegis\c++\aegis\aegis\x64\debug\window.nativecodeanalysis.xml
c:\users\theto\documents\github\aegis\c++\aegis\aegis\x64\debug\aegis.tlog\cl.command.1.tlog
c:\users\theto\documents\github\aegis\c++\aegis\aegis\x64\debug\aegis.tlog\cl.items.tlog
c:\users\theto\documents\github\aegis\c++\aegis\aegis\x64\debug\aegis.tlog\cl.read.1.tlog
c:\users\theto\documents\github\aegis\c++\aegis\aegis\x64\debug\aegis.tlog\cl.write.1.tlog
c:\users\theto\documents\github\aegis\c++\aegis\aegis\x64\debug\aegis.tlog\link.command.1.tlog
c:\users\theto\documents\github\aegis\c++\aegis\aegis\x64\debug\aegis.tlog\link.read.1.tlog
c:\users\theto\documents\github\aegis\c++\aegis\aegis\x64\debug\aegis.tlog\link.secondary.1.tlog
c:\users\theto\documents\github\aegis\c++\aegis\aegis\x64\debug\aegis.tlog\link.write.1.tlog
